{
  "stats": {
    "suites": 1,
    "tests": 1,
    "passes": 1,
    "pending": 0,
    "failures": 0,
    "start": "2020-09-29T20:54:16.477Z",
    "end": "2020-09-29T20:54:28.001Z",
    "duration": 11524,
    "testsRegistered": 1,
    "passPercent": 100,
    "pendingPercent": 0,
    "other": 0,
    "hasOther": false,
    "skipped": 0,
    "hasSkipped": false
  },
  "results": [
    {
      "uuid": "84fc3bf6-672a-4948-978c-17747072b002",
      "title": "",
      "fullFile": "",
      "file": "",
      "beforeHooks": [],
      "afterHooks": [
        {
          "title": "\"after each\" hook: ret in \"{root}\"",
          "fullTitle": "\"after each\" hook: ret in \"{root}\"",
          "timedOut": false,
          "duration": 0,
          "state": null,
          "speed": null,
          "pass": false,
          "fail": false,
          "pending": false,
          "context": null,
          "code": "if (hooks.afterEach) { \n  return hooks.afterEach();\n}",
          "err": {},
          "uuid": "87bac3ca-2027-4f98-be2c-ea23b0df6d84",
          "parentUUID": "84fc3bf6-672a-4948-978c-17747072b002",
          "isHook": true,
          "skipped": false
        }
      ],
      "tests": [],
      "suites": [
        {
          "uuid": "113c0609-da93-465e-9166-d8ca216eec48",
          "title": "Epam WebSite",
          "fullFile": "C:\\javascript\\protractor\\tests\\non_angular_pom_contact_spec.js",
          "file": "\\tests\\non_angular_pom_contact_spec.js",
          "beforeHooks": [],
          "afterHooks": [],
          "tests": [
            {
              "title": "Fill the contact form out",
              "fullTitle": "Epam WebSite Fill the contact form out",
              "timedOut": false,
              "duration": 11518,
              "state": "passed",
              "speed": "slow",
              "pass": true,
              "fail": false,
              "pending": false,
              "context": null,
              "code": "browser.ignoreSynchronization = true;\nbrowser.waitForAngularEnabled(false);\nbrowser.manage().timeouts().implicitlyWait(10000);\nhomePage.getHomePage();\nconst contactPage = homePage.acessContactSection();\ncontactPage.acceptCookies();\ncontactPage.enterUserName(\"Benjamin\")\ncontactPage.enterLastName(\"Arce\")\ncontactPage.enterEmail(\"barce@outlook.com\");\ncontactPage.enterTelephone(\"33-12-34-56-78\");\ncontactPage.enterCompany(\"Epam\");\nhomePage.wait(4000);",
              "err": {},
              "uuid": "0298c470-120d-4bd9-83aa-cd0b6cdce915",
              "parentUUID": "113c0609-da93-465e-9166-d8ca216eec48",
              "isHook": false,
              "skipped": false
            }
          ],
          "suites": [],
          "passes": [
            "0298c470-120d-4bd9-83aa-cd0b6cdce915"
          ],
          "failures": [],
          "pending": [],
          "skipped": [],
          "duration": 11518,
          "root": false,
          "rootEmpty": false,
          "_timeout": 100000
        }
      ],
      "passes": [],
      "failures": [],
      "pending": [],
      "skipped": [],
      "duration": 0,
      "root": true,
      "rootEmpty": true,
      "_timeout": 100000
    }
  ],
  "meta": {
    "mocha": {
      "version": "8.1.3"
    },
    "mochawesome": {
      "options": {
        "quiet": false,
        "reportFilename": "mochawesome",
        "saveHtml": true,
        "saveJson": true,
        "consoleReporter": "spec",
        "useInlineDiffs": false,
        "code": true
      },
      "version": "6.1.1"
    },
    "marge": {
      "options": {
        "overwrite": false
      },
      "version": "5.1.0"
    }
  }
}