{
  "stats": {
    "suites": 1,
    "tests": 1,
    "passes": 1,
    "pending": 0,
    "failures": 0,
    "start": "2020-09-29T20:29:00.676Z",
    "end": "2020-09-29T20:29:11.061Z",
    "duration": 10385,
    "testsRegistered": 1,
    "passPercent": 100,
    "pendingPercent": 0,
    "other": 0,
    "hasOther": false,
    "skipped": 0,
    "hasSkipped": false
  },
  "results": [
    {
      "uuid": "07a2ae5f-a6d0-4ead-b90d-aa9a420d2c25",
      "title": "",
      "fullFile": "",
      "file": "",
      "beforeHooks": [],
      "afterHooks": [
        {
          "title": "\"after each\" hook: ret in \"{root}\"",
          "fullTitle": "\"after each\" hook: ret in \"{root}\"",
          "timedOut": false,
          "duration": 1,
          "state": null,
          "speed": null,
          "pass": false,
          "fail": false,
          "pending": false,
          "context": null,
          "code": "if (hooks.afterEach) { \n  return hooks.afterEach();\n}",
          "err": {},
          "uuid": "b9683b45-0246-4c1f-bfc5-b49c903f2a9f",
          "parentUUID": "07a2ae5f-a6d0-4ead-b90d-aa9a420d2c25",
          "isHook": true,
          "skipped": false
        }
      ],
      "tests": [],
      "suites": [
        {
          "uuid": "e0e5dd22-d45d-4973-a649-e6eb0e92fce4",
          "title": "Epam WebSite",
          "fullFile": "C:\\javascript\\protractor\\tests\\non_angular_pom_contact_spec.js",
          "file": "\\tests\\non_angular_pom_contact_spec.js",
          "beforeHooks": [],
          "afterHooks": [],
          "tests": [
            {
              "title": "Fill the contact form out",
              "fullTitle": "Epam WebSite Fill the contact form out",
              "timedOut": false,
              "duration": 10379,
              "state": "passed",
              "speed": "slow",
              "pass": true,
              "fail": false,
              "pending": false,
              "context": null,
              "code": "browser.ignoreSynchronization = true;\nbrowser.waitForAngularEnabled(false);\nbrowser.manage().timeouts().implicitlyWait(10000);\nhomePage.getHomePage();\nhomePage.wait(4000);\nlet contactPage = homePage.acessContactSection();",
              "err": {},
              "uuid": "8a780c93-e2a8-4ce8-b454-e53c5b65ffad",
              "parentUUID": "e0e5dd22-d45d-4973-a649-e6eb0e92fce4",
              "isHook": false,
              "skipped": false
            }
          ],
          "suites": [],
          "passes": [
            "8a780c93-e2a8-4ce8-b454-e53c5b65ffad"
          ],
          "failures": [],
          "pending": [],
          "skipped": [],
          "duration": 10379,
          "root": false,
          "rootEmpty": false,
          "_timeout": 100000
        }
      ],
      "passes": [],
      "failures": [],
      "pending": [],
      "skipped": [],
      "duration": 0,
      "root": true,
      "rootEmpty": true,
      "_timeout": 100000
    }
  ],
  "meta": {
    "mocha": {
      "version": "8.1.3"
    },
    "mochawesome": {
      "options": {
        "quiet": false,
        "reportFilename": "mochawesome",
        "saveHtml": true,
        "saveJson": true,
        "consoleReporter": "spec",
        "useInlineDiffs": false,
        "code": true
      },
      "version": "6.1.1"
    },
    "marge": {
      "options": {
        "overwrite": false
      },
      "version": "5.1.0"
    }
  }
}