{
  "stats": {
    "suites": 1,
    "tests": 1,
    "passes": 0,
    "pending": 0,
    "failures": 1,
    "start": "2020-09-29T21:51:23.740Z",
    "end": "2020-09-29T21:51:50.788Z",
    "duration": 27048,
    "testsRegistered": 1,
    "passPercent": 0,
    "pendingPercent": 0,
    "other": 0,
    "hasOther": false,
    "skipped": 0,
    "hasSkipped": false
  },
  "results": [
    {
      "uuid": "83689ea5-9584-48a0-b85d-cd9500c2af2d",
      "title": "",
      "fullFile": "",
      "file": "",
      "beforeHooks": [],
      "afterHooks": [
        {
          "title": "\"after each\" hook: ret in \"{root}\"",
          "fullTitle": "\"after each\" hook: ret in \"{root}\"",
          "timedOut": false,
          "duration": 1,
          "state": null,
          "speed": null,
          "pass": false,
          "fail": false,
          "pending": false,
          "context": null,
          "code": "if (hooks.afterEach) { \n  return hooks.afterEach();\n}",
          "err": {},
          "uuid": "8ff4bf22-ffd6-4d25-b678-2a152e6de79a",
          "parentUUID": "83689ea5-9584-48a0-b85d-cd9500c2af2d",
          "isHook": true,
          "skipped": false
        }
      ],
      "tests": [],
      "suites": [
        {
          "uuid": "060d00f4-c456-4bb5-8f7c-f081dee3c3e9",
          "title": "Epam WebSite",
          "fullFile": "C:\\javascript\\protractor\\tests\\non_angular_pom_contact_spec.js",
          "file": "\\tests\\non_angular_pom_contact_spec.js",
          "beforeHooks": [],
          "afterHooks": [],
          "tests": [
            {
              "title": "POM Fill the contact form out",
              "fullTitle": "Epam WebSite POM Fill the contact form out",
              "timedOut": false,
              "duration": 27040,
              "state": "failed",
              "speed": null,
              "pass": false,
              "fail": true,
              "pending": false,
              "context": null,
              "code": "browser.ignoreSynchronization = true;\nbrowser.waitForAngularEnabled(false);\nbrowser.manage().timeouts().implicitlyWait(10000);\nhomePage.getHomePage();\nconst contactPage = homePage.acessContactSection();\ncontactPage.acceptCookies();\ncontactPage.selectInquiryReason(\"Talk to Sales in North America\")\ncontactPage.enterUserName(\"Benjamin\");\ncontactPage.enterLastName(\"Arce\");\ncontactPage.enterEmail(\"barce@outlook.com\");\ncontactPage.enterTelephone(\"33-12-34-56-78\");\ncontactPage.enterCompany(\"Epam\");\ncontactPage.selectPosition(\"C-Level\");\ncontactPage.selectCountry(\"United States\");\ncontactPage.selectState(\"Alabama\");\ncontactPage.selectCity(\"Abbeville, AL\");\ncontactPage.checkPersonalInfo();\ncontactPage.selectHowHeardAboutEpam(\"Event\");\ncontactPage.submitForm();",
              "err": {
                "message": "ElementNotVisibleError: element not interactable\n  (Session info: chrome=85.0.4183.121)\n  (Driver info: chromedriver=85.0.4183.38 (9047dbc2c693f044042bbec5c91401c708c7c26a-refs/branch-heads/4183@{#779}),platform=Windows NT 10.0.18363 x86_64)",
                "estack": "ElementNotVisibleError: element not interactable\n  (Session info: chrome=85.0.4183.121)\n  (Driver info: chromedriver=85.0.4183.38 (9047dbc2c693f044042bbec5c91401c708c7c26a-refs/branch-heads/4183@{#779}),platform=Windows NT 10.0.18363 x86_64)\n    at Object.checkLegacyResponse (C:\\Users\\benjamin_arce\\AppData\\Roaming\\npm\\node_modules\\protractor\\node_modules\\selenium-webdriver\\lib\\error.js:546:15)\n    at parseHttpResponse (C:\\Users\\benjamin_arce\\AppData\\Roaming\\npm\\node_modules\\protractor\\node_modules\\selenium-webdriver\\lib\\http.js:509:13)\n    at C:\\Users\\benjamin_arce\\AppData\\Roaming\\npm\\node_modules\\protractor\\node_modules\\selenium-webdriver\\lib\\http.js:441:30\n    at processTicksAndRejections (internal/process/task_queues.js:93:5)\nFrom: Task: WebElement.click()\n    at Driver.schedule (C:\\Users\\benjamin_arce\\AppData\\Roaming\\npm\\node_modules\\protractor\\node_modules\\selenium-webdriver\\lib\\webdriver.js:807:17)\n    at WebElement.schedule_ (C:\\Users\\benjamin_arce\\AppData\\Roaming\\npm\\node_modules\\protractor\\node_modules\\selenium-webdriver\\lib\\webdriver.js:2010:25)\n    at WebElement.click (C:\\Users\\benjamin_arce\\AppData\\Roaming\\npm\\node_modules\\protractor\\node_modules\\selenium-webdriver\\lib\\webdriver.js:2092:17)\n    at actionFn (C:\\Users\\benjamin_arce\\AppData\\Roaming\\npm\\node_modules\\protractor\\built\\element.js:89:44)\n    at Array.map (<anonymous>)\n    at C:\\Users\\benjamin_arce\\AppData\\Roaming\\npm\\node_modules\\protractor\\built\\element.js:461:65\n    at ManagedPromise.invokeCallback_ (C:\\Users\\benjamin_arce\\AppData\\Roaming\\npm\\node_modules\\protractor\\node_modules\\selenium-webdriver\\lib\\promise.js:1376:14)\n    at TaskQueue.execute_ (C:\\Users\\benjamin_arce\\AppData\\Roaming\\npm\\node_modules\\protractor\\node_modules\\selenium-webdriver\\lib\\promise.js:3084:14)\n    at TaskQueue.executeNext_ (C:\\Users\\benjamin_arce\\AppData\\Roaming\\npm\\node_modules\\protractor\\node_modules\\selenium-webdriver\\lib\\promise.js:3067:27)\n    at C:\\Users\\benjamin_arce\\AppData\\Roaming\\npm\\node_modules\\protractor\\node_modules\\selenium-webdriver\\lib\\promise.js:2927:27Error\n    at ElementArrayFinder.applyAction_ (C:\\Users\\benjamin_arce\\AppData\\Roaming\\npm\\node_modules\\protractor\\built\\element.js:459:27)\n    at ElementArrayFinder.<computed> [as click] (C:\\Users\\benjamin_arce\\AppData\\Roaming\\npm\\node_modules\\protractor\\built\\element.js:91:29)\n    at ElementFinder.<computed> [as click] (C:\\Users\\benjamin_arce\\AppData\\Roaming\\npm\\node_modules\\protractor\\built\\element.js:831:22)\n    at ContactPage.acceptCookies (pages\\contact_page.js:100:26)\n    at Context.<anonymous> (tests\\non_angular_pom_contact_spec.js:14:17)\n    at runTest (C:\\Users\\benjamin_arce\\AppData\\Roaming\\npm\\node_modules\\protractor\\node_modules\\selenium-webdriver\\testing\\index.js:163:22)\n    at C:\\Users\\benjamin_arce\\AppData\\Roaming\\npm\\node_modules\\protractor\\node_modules\\selenium-webdriver\\testing\\index.js:184:16\n    at new ManagedPromise (C:\\Users\\benjamin_arce\\AppData\\Roaming\\npm\\node_modules\\protractor\\node_modules\\selenium-webdriver\\lib\\promise.js:1077:7)\n    at controlFlowExecute (C:\\Users\\benjamin_arce\\AppData\\Roaming\\npm\\node_modules\\protractor\\node_modules\\selenium-webdriver\\testing\\index.js:183:14)\n    at TaskQueue.execute_ (C:\\Users\\benjamin_arce\\AppData\\Roaming\\npm\\node_modules\\protractor\\node_modules\\selenium-webdriver\\lib\\promise.js:3084:14)\nFrom: Task: Epam WebSite POM Fill the contact form out\n    at Context.ret (C:\\Users\\benjamin_arce\\AppData\\Roaming\\npm\\node_modules\\protractor\\node_modules\\selenium-webdriver\\testing\\index.js:182:10)\n    at processImmediate (internal/timers.js:458:21)",
                "diff": null
              },
              "uuid": "791df162-feca-4c94-9038-ed8a1c55c2c7",
              "parentUUID": "060d00f4-c456-4bb5-8f7c-f081dee3c3e9",
              "isHook": false,
              "skipped": false
            }
          ],
          "suites": [],
          "passes": [],
          "failures": [
            "791df162-feca-4c94-9038-ed8a1c55c2c7"
          ],
          "pending": [],
          "skipped": [],
          "duration": 27040,
          "root": false,
          "rootEmpty": false,
          "_timeout": 100000
        }
      ],
      "passes": [],
      "failures": [],
      "pending": [],
      "skipped": [],
      "duration": 0,
      "root": true,
      "rootEmpty": true,
      "_timeout": 100000
    }
  ],
  "meta": {
    "mocha": {
      "version": "8.1.3"
    },
    "mochawesome": {
      "options": {
        "quiet": false,
        "reportFilename": "mochawesome",
        "saveHtml": true,
        "saveJson": true,
        "consoleReporter": "spec",
        "useInlineDiffs": false,
        "code": true
      },
      "version": "6.1.1"
    },
    "marge": {
      "options": {
        "overwrite": false
      },
      "version": "5.1.0"
    }
  }
}