{
  "stats": {
    "suites": 1,
    "tests": 1,
    "passes": 1,
    "pending": 0,
    "failures": 0,
    "start": "2020-09-29T20:28:02.576Z",
    "end": "2020-09-29T20:28:09.032Z",
    "duration": 6456,
    "testsRegistered": 1,
    "passPercent": 100,
    "pendingPercent": 0,
    "other": 0,
    "hasOther": false,
    "skipped": 0,
    "hasSkipped": false
  },
  "results": [
    {
      "uuid": "df3b7469-1896-40a8-817b-1d8aae1a704d",
      "title": "",
      "fullFile": "",
      "file": "",
      "beforeHooks": [],
      "afterHooks": [
        {
          "title": "\"after each\" hook: ret in \"{root}\"",
          "fullTitle": "\"after each\" hook: ret in \"{root}\"",
          "timedOut": false,
          "duration": 1,
          "state": null,
          "speed": null,
          "pass": false,
          "fail": false,
          "pending": false,
          "context": null,
          "code": "if (hooks.afterEach) { \n  return hooks.afterEach();\n}",
          "err": {},
          "uuid": "4585d304-5504-44f6-a256-f8461398c752",
          "parentUUID": "df3b7469-1896-40a8-817b-1d8aae1a704d",
          "isHook": true,
          "skipped": false
        }
      ],
      "tests": [],
      "suites": [
        {
          "uuid": "6c72df46-2df1-4f9a-b90d-db351b92e60b",
          "title": "Epam WebSite",
          "fullFile": "C:\\javascript\\protractor\\tests\\non_angular_pom_contact_spec.js",
          "file": "\\tests\\non_angular_pom_contact_spec.js",
          "beforeHooks": [],
          "afterHooks": [],
          "tests": [
            {
              "title": "Fill the contact form out",
              "fullTitle": "Epam WebSite Fill the contact form out",
              "timedOut": false,
              "duration": 6447,
              "state": "passed",
              "speed": "slow",
              "pass": true,
              "fail": false,
              "pending": false,
              "context": null,
              "code": "browser.ignoreSynchronization = true;\nbrowser.waitForAngularEnabled(false);\nbrowser.manage().timeouts().implicitlyWait(10000);\nhomePage.getHomePage();\nlet contactPage = homePage.acessContactSection();",
              "err": {},
              "uuid": "9e4eda65-8654-4f18-9a74-a24ee95061ec",
              "parentUUID": "6c72df46-2df1-4f9a-b90d-db351b92e60b",
              "isHook": false,
              "skipped": false
            }
          ],
          "suites": [],
          "passes": [
            "9e4eda65-8654-4f18-9a74-a24ee95061ec"
          ],
          "failures": [],
          "pending": [],
          "skipped": [],
          "duration": 6447,
          "root": false,
          "rootEmpty": false,
          "_timeout": 100000
        }
      ],
      "passes": [],
      "failures": [],
      "pending": [],
      "skipped": [],
      "duration": 0,
      "root": true,
      "rootEmpty": true,
      "_timeout": 100000
    }
  ],
  "meta": {
    "mocha": {
      "version": "8.1.3"
    },
    "mochawesome": {
      "options": {
        "quiet": false,
        "reportFilename": "mochawesome",
        "saveHtml": true,
        "saveJson": true,
        "consoleReporter": "spec",
        "useInlineDiffs": false,
        "code": true
      },
      "version": "6.1.1"
    },
    "marge": {
      "options": {
        "overwrite": false
      },
      "version": "5.1.0"
    }
  }
}