{
  "stats": {
    "suites": 1,
    "tests": 1,
    "passes": 1,
    "pending": 0,
    "failures": 0,
    "start": "2020-10-01T16:54:15.313Z",
    "end": "2020-10-01T16:54:26.353Z",
    "duration": 11040,
    "testsRegistered": 1,
    "passPercent": 100,
    "pendingPercent": 0,
    "other": 0,
    "hasOther": false,
    "skipped": 0,
    "hasSkipped": false
  },
  "results": [
    {
      "uuid": "31e2455d-666d-43e6-8570-67f9d223cf33",
      "title": "",
      "fullFile": "",
      "file": "",
      "beforeHooks": [],
      "afterHooks": [
        {
          "title": "\"after each\" hook: ret in \"{root}\"",
          "fullTitle": "\"after each\" hook: ret in \"{root}\"",
          "timedOut": false,
          "duration": 1,
          "state": null,
          "speed": null,
          "pass": false,
          "fail": false,
          "pending": false,
          "context": null,
          "code": "if (hooks.afterEach) { \n  return hooks.afterEach();\n}",
          "err": {},
          "uuid": "d25dad6f-4b93-4cb8-8f3b-c006d17b316a",
          "parentUUID": "31e2455d-666d-43e6-8570-67f9d223cf33",
          "isHook": true,
          "skipped": false
        }
      ],
      "tests": [],
      "suites": [
        {
          "uuid": "e8737756-59fe-46e3-af43-a681dad1832f",
          "title": "Epam WebSite",
          "fullFile": "C:\\javascript\\protractor\\tests\\non_angular_pom_contact_spec.js",
          "file": "\\tests\\non_angular_pom_contact_spec.js",
          "beforeHooks": [],
          "afterHooks": [],
          "tests": [
            {
              "title": "POM Fill the contact form out",
              "fullTitle": "Epam WebSite POM Fill the contact form out",
              "timedOut": false,
              "duration": 11033,
              "state": "passed",
              "speed": "slow",
              "pass": true,
              "fail": false,
              "pending": false,
              "context": null,
              "code": "browser.ignoreSynchronization = true;\nbrowser.waitForAngularEnabled(false);\nbrowser.manage().timeouts().implicitlyWait(10000);\nhomePage.getHomePage();\nconst contactPage = homePage.acessContactSection();\ncontactPage.acceptCookies();\ncontactPage.selectInquiryReason(\"Talk to Sales in North America\");\ncontactPage.enterUserName(\"Benjamin\");\ncontactPage.enterLastName(\"Arce\");\ncontactPage.enterEmail(\"barce@outlook.com\");\ncontactPage.enterTelephone(\"33-12-34-56-78\");\ncontactPage.enterCompany(\"Epam\");\ncontactPage.selectPosition(\"C-Level\");\ncontactPage.selectCountry(\"United States\");\ncontactPage.selectState(\"Alabama\");\ncontactPage.selectCity(\"Abbeville, AL\");\ncontactPage.checkPersonalInfo();\ncontactPage.selectHowHeardAboutEpam(\"Event\");\ncontactPage.submitForm();",
              "err": {},
              "uuid": "753157ea-d7f8-4147-bf56-7d5eef16414f",
              "parentUUID": "e8737756-59fe-46e3-af43-a681dad1832f",
              "isHook": false,
              "skipped": false
            }
          ],
          "suites": [],
          "passes": [
            "753157ea-d7f8-4147-bf56-7d5eef16414f"
          ],
          "failures": [],
          "pending": [],
          "skipped": [],
          "duration": 11033,
          "root": false,
          "rootEmpty": false,
          "_timeout": 100000
        }
      ],
      "passes": [],
      "failures": [],
      "pending": [],
      "skipped": [],
      "duration": 0,
      "root": true,
      "rootEmpty": true,
      "_timeout": 100000
    }
  ],
  "meta": {
    "mocha": {
      "version": "8.1.3"
    },
    "mochawesome": {
      "options": {
        "quiet": false,
        "reportFilename": "mochawesome",
        "saveHtml": true,
        "saveJson": true,
        "consoleReporter": "spec",
        "useInlineDiffs": false,
        "code": true
      },
      "version": "6.1.1"
    },
    "marge": {
      "options": {
        "overwrite": false
      },
      "version": "5.1.0"
    }
  }
}