{
  "stats": {
    "suites": 1,
    "tests": 1,
    "passes": 0,
    "pending": 0,
    "failures": 1,
    "start": "2020-09-29T21:51:23.725Z",
    "end": "2020-09-29T21:51:49.256Z",
    "duration": 25531,
    "testsRegistered": 1,
    "passPercent": 0,
    "pendingPercent": 0,
    "other": 0,
    "hasOther": false,
    "skipped": 0,
    "hasSkipped": false
  },
  "results": [
    {
      "uuid": "e7f776c1-7940-4916-b372-1ab4e7b9b6ad",
      "title": "",
      "fullFile": "",
      "file": "",
      "beforeHooks": [],
      "afterHooks": [
        {
          "title": "\"after each\" hook: ret in \"{root}\"",
          "fullTitle": "\"after each\" hook: ret in \"{root}\"",
          "timedOut": false,
          "duration": 0,
          "state": null,
          "speed": null,
          "pass": false,
          "fail": false,
          "pending": false,
          "context": null,
          "code": "if (hooks.afterEach) { \n  return hooks.afterEach();\n}",
          "err": {},
          "uuid": "00e5121b-4fe5-4952-b5b2-a740647df25f",
          "parentUUID": "e7f776c1-7940-4916-b372-1ab4e7b9b6ad",
          "isHook": true,
          "skipped": false
        }
      ],
      "tests": [],
      "suites": [
        {
          "uuid": "d62529ab-779b-47db-8640-7b6c3ab1d191",
          "title": "Angular Application",
          "fullFile": "C:\\javascript\\protractor\\tests\\angular_app_spec.js",
          "file": "\\tests\\angular_app_spec.js",
          "beforeHooks": [
            {
              "title": "\"before each\" hook: ret in \"Angular Application\"",
              "fullTitle": "Angular Application \"before each\" hook: ret in \"Angular Application\"",
              "timedOut": false,
              "duration": 7120,
              "state": null,
              "speed": null,
              "pass": false,
              "fail": false,
              "pending": false,
              "context": null,
              "code": "browser.get(\"https://www.freelancer.com/\");\nbrowser.manage().timeouts().implicitlyWait(20000);",
              "err": {},
              "uuid": "065ebf72-d66a-4b85-96be-896dc6430c09",
              "parentUUID": "d62529ab-779b-47db-8640-7b6c3ab1d191",
              "isHook": true,
              "skipped": false
            }
          ],
          "afterHooks": [],
          "tests": [
            {
              "title": "log in with incorrect data",
              "fullTitle": "Angular Application log in with incorrect data",
              "timedOut": false,
              "duration": 18406,
              "state": "failed",
              "speed": null,
              "pass": false,
              "fail": true,
              "pending": false,
              "context": null,
              "code": "element(by.xpath(\"//*[@fltrackinglabel='LoginPage']//a\")).click();\n$(\"input[type='email']\").sendKeys(\"hello@outlook.com\")\n$(\"input[type='password']\").sendKeys(\"12345\")\nelement(by.buttonText('Log In')).click()\nlet errorMessage = await $(\".BannerAlertBox-desc[data-type='paragraph']\").getText()\nexpect(errorMessage).toBe(\"Incorrect username or password.\")",
              "err": {
                "message": "ScriptTimeoutError: script timeout\n  (Session info: chrome=85.0.4183.121)\n  (Driver info: chromedriver=85.0.4183.38 (9047dbc2c693f044042bbec5c91401c708c7c26a-refs/branch-heads/4183@{#779}),platform=Windows NT 10.0.18363 x86_64)",
                "estack": "ScriptTimeoutError: script timeout\n  (Session info: chrome=85.0.4183.121)\n  (Driver info: chromedriver=85.0.4183.38 (9047dbc2c693f044042bbec5c91401c708c7c26a-refs/branch-heads/4183@{#779}),platform=Windows NT 10.0.18363 x86_64)\n    at Object.checkLegacyResponse (C:\\Users\\benjamin_arce\\AppData\\Roaming\\npm\\node_modules\\protractor\\node_modules\\selenium-webdriver\\lib\\error.js:546:15)\n    at parseHttpResponse (C:\\Users\\benjamin_arce\\AppData\\Roaming\\npm\\node_modules\\protractor\\node_modules\\selenium-webdriver\\lib\\http.js:509:13)\n    at C:\\Users\\benjamin_arce\\AppData\\Roaming\\npm\\node_modules\\protractor\\node_modules\\selenium-webdriver\\lib\\http.js:441:30\n    at processTicksAndRejections (internal/process/task_queues.js:93:5)\nFrom: Task: Protractor.waitForAngular() - Locator: By(css selector, input[type='email'])\n    at Driver.schedule (C:\\Users\\benjamin_arce\\AppData\\Roaming\\npm\\node_modules\\protractor\\node_modules\\selenium-webdriver\\lib\\webdriver.js:807:17)\n    at ProtractorBrowser.executeAsyncScript_ (C:\\Users\\benjamin_arce\\AppData\\Roaming\\npm\\node_modules\\protractor\\built\\browser.js:423:28)\n    at C:\\Users\\benjamin_arce\\AppData\\Roaming\\npm\\node_modules\\protractor\\built\\browser.js:454:33\n    at ManagedPromise.invokeCallback_ (C:\\Users\\benjamin_arce\\AppData\\Roaming\\npm\\node_modules\\protractor\\node_modules\\selenium-webdriver\\lib\\promise.js:1376:14)\n    at TaskQueue.execute_ (C:\\Users\\benjamin_arce\\AppData\\Roaming\\npm\\node_modules\\protractor\\node_modules\\selenium-webdriver\\lib\\promise.js:3084:14)\n    at TaskQueue.executeNext_ (C:\\Users\\benjamin_arce\\AppData\\Roaming\\npm\\node_modules\\protractor\\node_modules\\selenium-webdriver\\lib\\promise.js:3067:27)\n    at C:\\Users\\benjamin_arce\\AppData\\Roaming\\npm\\node_modules\\protractor\\node_modules\\selenium-webdriver\\lib\\promise.js:2927:27\n    at C:\\Users\\benjamin_arce\\AppData\\Roaming\\npm\\node_modules\\protractor\\node_modules\\selenium-webdriver\\lib\\promise.js:668:7\n    at processTicksAndRejections (internal/process/task_queues.js:93:5)Error\n    at ElementArrayFinder.applyAction_ (C:\\Users\\benjamin_arce\\AppData\\Roaming\\npm\\node_modules\\protractor\\built\\element.js:459:27)\n    at ElementArrayFinder.<computed> [as sendKeys] (C:\\Users\\benjamin_arce\\AppData\\Roaming\\npm\\node_modules\\protractor\\built\\element.js:91:29)\n    at ElementFinder.<computed> [as sendKeys] (C:\\Users\\benjamin_arce\\AppData\\Roaming\\npm\\node_modules\\protractor\\built\\element.js:831:22)\n    at Context.<anonymous> (tests\\angular_app_spec.js:11:30)\n    at runTest (C:\\Users\\benjamin_arce\\AppData\\Roaming\\npm\\node_modules\\protractor\\node_modules\\selenium-webdriver\\testing\\index.js:163:22)\n    at C:\\Users\\benjamin_arce\\AppData\\Roaming\\npm\\node_modules\\protractor\\node_modules\\selenium-webdriver\\testing\\index.js:184:16\n    at new ManagedPromise (C:\\Users\\benjamin_arce\\AppData\\Roaming\\npm\\node_modules\\protractor\\node_modules\\selenium-webdriver\\lib\\promise.js:1077:7)\n    at controlFlowExecute (C:\\Users\\benjamin_arce\\AppData\\Roaming\\npm\\node_modules\\protractor\\node_modules\\selenium-webdriver\\testing\\index.js:183:14)\n    at TaskQueue.execute_ (C:\\Users\\benjamin_arce\\AppData\\Roaming\\npm\\node_modules\\protractor\\node_modules\\selenium-webdriver\\lib\\promise.js:3084:14)\n    at TaskQueue.executeNext_ (C:\\Users\\benjamin_arce\\AppData\\Roaming\\npm\\node_modules\\protractor\\node_modules\\selenium-webdriver\\lib\\promise.js:3067:27)\nFrom: Task: Angular Application log in with incorrect data\n    at Context.ret (C:\\Users\\benjamin_arce\\AppData\\Roaming\\npm\\node_modules\\protractor\\node_modules\\selenium-webdriver\\testing\\index.js:182:10)",
                "diff": null
              },
              "uuid": "df7d8b52-cc66-4961-abdf-3f6526f4fd87",
              "parentUUID": "d62529ab-779b-47db-8640-7b6c3ab1d191",
              "isHook": false,
              "skipped": false
            }
          ],
          "suites": [],
          "passes": [],
          "failures": [
            "df7d8b52-cc66-4961-abdf-3f6526f4fd87"
          ],
          "pending": [],
          "skipped": [],
          "duration": 18406,
          "root": false,
          "rootEmpty": false,
          "_timeout": 100000
        }
      ],
      "passes": [],
      "failures": [],
      "pending": [],
      "skipped": [],
      "duration": 0,
      "root": true,
      "rootEmpty": true,
      "_timeout": 100000
    }
  ],
  "meta": {
    "mocha": {
      "version": "8.1.3"
    },
    "mochawesome": {
      "options": {
        "quiet": false,
        "reportFilename": "mochawesome",
        "saveHtml": true,
        "saveJson": true,
        "consoleReporter": "spec",
        "useInlineDiffs": false,
        "code": true
      },
      "version": "6.1.1"
    },
    "marge": {
      "options": {
        "overwrite": false
      },
      "version": "5.1.0"
    }
  }
}