{
  "stats": {
    "suites": 1,
    "tests": 1,
    "passes": 1,
    "pending": 0,
    "failures": 0,
    "start": "2020-09-29T21:45:18.994Z",
    "end": "2020-09-29T21:45:31.401Z",
    "duration": 12407,
    "testsRegistered": 1,
    "passPercent": 100,
    "pendingPercent": 0,
    "other": 0,
    "hasOther": false,
    "skipped": 0,
    "hasSkipped": false
  },
  "results": [
    {
      "uuid": "570ab9a5-5fb0-447e-9f85-2c2d8ccf5a49",
      "title": "",
      "fullFile": "",
      "file": "",
      "beforeHooks": [],
      "afterHooks": [
        {
          "title": "\"after each\" hook: ret in \"{root}\"",
          "fullTitle": "\"after each\" hook: ret in \"{root}\"",
          "timedOut": false,
          "duration": 1,
          "state": null,
          "speed": null,
          "pass": false,
          "fail": false,
          "pending": false,
          "context": null,
          "code": "if (hooks.afterEach) { \n  return hooks.afterEach();\n}",
          "err": {},
          "uuid": "f639e9c2-fd87-4ba1-9864-7dd3588e2857",
          "parentUUID": "570ab9a5-5fb0-447e-9f85-2c2d8ccf5a49",
          "isHook": true,
          "skipped": false
        }
      ],
      "tests": [],
      "suites": [
        {
          "uuid": "8dcc9101-f16c-4127-8bfd-4682d3a7f91e",
          "title": "Epam WebSite",
          "fullFile": "C:\\javascript\\protractor\\tests\\non_angular_pom_contact_spec.js",
          "file": "\\tests\\non_angular_pom_contact_spec.js",
          "beforeHooks": [],
          "afterHooks": [],
          "tests": [
            {
              "title": "Fill the contact form out",
              "fullTitle": "Epam WebSite Fill the contact form out",
              "timedOut": false,
              "duration": 12398,
              "state": "passed",
              "speed": "slow",
              "pass": true,
              "fail": false,
              "pending": false,
              "context": null,
              "code": "browser.ignoreSynchronization = true;\nbrowser.waitForAngularEnabled(false);\nbrowser.manage().timeouts().implicitlyWait(10000);\nhomePage.getHomePage();\nconst contactPage = homePage.acessContactSection();\ncontactPage.acceptCookies();\ncontactPage.selectInquiryReason(\"Talk to Sales in North America\")\ncontactPage.enterUserName(\"Benjamin\");\ncontactPage.enterLastName(\"Arce\");\ncontactPage.enterEmail(\"barce@outlook.com\");\ncontactPage.enterTelephone(\"33-12-34-56-78\");\ncontactPage.enterCompany(\"Epam\");\ncontactPage.selectPosition(\"C-Level\");\ncontactPage.selectCountry(\"United States\");\ncontactPage.selectState(\"Alabama\");\ncontactPage.selectCity(\"Abbeville, AL\");\ncontactPage.checkPersonalInfo();\ncontactPage.selectHowHeardAboutEpam(\"Event\");\ncontactPage.submitForm();",
              "err": {},
              "uuid": "7997317a-4115-486b-981a-18bea9bb4149",
              "parentUUID": "8dcc9101-f16c-4127-8bfd-4682d3a7f91e",
              "isHook": false,
              "skipped": false
            }
          ],
          "suites": [],
          "passes": [
            "7997317a-4115-486b-981a-18bea9bb4149"
          ],
          "failures": [],
          "pending": [],
          "skipped": [],
          "duration": 12398,
          "root": false,
          "rootEmpty": false,
          "_timeout": 100000
        }
      ],
      "passes": [],
      "failures": [],
      "pending": [],
      "skipped": [],
      "duration": 0,
      "root": true,
      "rootEmpty": true,
      "_timeout": 100000
    }
  ],
  "meta": {
    "mocha": {
      "version": "8.1.3"
    },
    "mochawesome": {
      "options": {
        "quiet": false,
        "reportFilename": "mochawesome",
        "saveHtml": true,
        "saveJson": true,
        "consoleReporter": "spec",
        "useInlineDiffs": false,
        "code": true
      },
      "version": "6.1.1"
    },
    "marge": {
      "options": {
        "overwrite": false
      },
      "version": "5.1.0"
    }
  }
}